<?xml version="1.0" encoding="UTF-8"?>
<testng-results ignored="0" total="6" passed="6" failed="0" skipped="0">
  <reporter-output>
  </reporter-output>
  <suite started-at="2021-05-22T18:29:20 PDT" name="Suite" finished-at="2021-05-22T18:30:01 PDT" duration-ms="40491">
    <groups>
    </groups>
    <test started-at="2021-05-22T18:29:20 PDT" name="Test" finished-at="2021-05-22T18:30:01 PDT" duration-ms="40491">
      <class name="TestCase.TestCase1">
        <test-method is-config="true" signature="beforeClass()[pri:0, instance:TestCase.TestCase1@48e4374]" started-at="2021-05-22T18:29:20 PDT" name="beforeClass" finished-at="2021-05-22T18:29:20 PDT" duration-ms="30" status="PASS">
          <reporter-output>
          </reporter-output>
        </test-method> <!-- beforeClass -->
        <test-method is-config="true" signature="startReport()[pri:0, instance:TestCase.TestCase1@48e4374]" started-at="2021-05-22T18:29:20 PDT" name="startReport" finished-at="2021-05-22T18:29:21 PDT" duration-ms="641" status="PASS">
          <reporter-output>
          </reporter-output>
        </test-method> <!-- startReport -->
        <test-method is-config="true" signature="CreateReport(java.lang.reflect.Method)[pri:0, instance:TestCase.TestCase1@48e4374]" started-at="2021-05-22T18:29:21 PDT" name="CreateReport" finished-at="2021-05-22T18:29:21 PDT" duration-ms="15" status="PASS">
          <params>
            <param index="0">
              <value>
                <![CDATA[public static void TestCase.TestCase1.testLogin1() throws java.io.IOException]]>
              </value>
            </param>
          </params>
          <reporter-output>
          </reporter-output>
        </test-method> <!-- CreateReport -->
        <test-method is-config="true" signature="baeUri()[pri:0, instance:TestCase.TestCase1@48e4374]" started-at="2021-05-22T18:29:21 PDT" name="baeUri" finished-at="2021-05-22T18:29:22 PDT" duration-ms="1081" status="PASS">
          <reporter-output>
          </reporter-output>
        </test-method> <!-- baeUri -->
        <test-method signature="testLogin1()[pri:1, instance:TestCase.TestCase1@48e4374]" started-at="2021-05-22T18:29:22 PDT" name="testLogin1" finished-at="2021-05-22T18:29:27 PDT" duration-ms="5083" status="PASS">
          <reporter-output>
          </reporter-output>
        </test-method> <!-- testLogin1 -->
        <test-method is-config="true" signature="baeUri()[pri:0, instance:TestCase.TestCase1@48e4374]" started-at="2021-05-22T18:29:27 PDT" name="baeUri" finished-at="2021-05-22T18:29:27 PDT" duration-ms="0" status="PASS">
          <reporter-output>
          </reporter-output>
        </test-method> <!-- baeUri -->
        <test-method is-config="true" signature="CreateReport(java.lang.reflect.Method)[pri:0, instance:TestCase.TestCase1@48e4374]" started-at="2021-05-22T18:29:27 PDT" name="CreateReport" finished-at="2021-05-22T18:29:27 PDT" duration-ms="0" status="PASS">
          <params>
            <param index="0">
              <value>
                <![CDATA[public static void TestCase.TestCase1.testLoginWithGet2() throws java.io.IOException]]>
              </value>
            </param>
          </params>
          <reporter-output>
          </reporter-output>
        </test-method> <!-- CreateReport -->
        <test-method signature="testLoginWithGet2()[pri:2, instance:TestCase.TestCase1@48e4374]" started-at="2021-05-22T18:29:27 PDT" name="testLoginWithGet2" finished-at="2021-05-22T18:29:35 PDT" duration-ms="7952" status="PASS">
          <reporter-output>
          </reporter-output>
        </test-method> <!-- testLoginWithGet2 -->
        <test-method is-config="true" signature="CreateReport(java.lang.reflect.Method)[pri:0, instance:TestCase.TestCase1@48e4374]" started-at="2021-05-22T18:29:35 PDT" name="CreateReport" finished-at="2021-05-22T18:29:35 PDT" duration-ms="0" status="PASS">
          <params>
            <param index="0">
              <value>
                <![CDATA[public static void TestCase.TestCase1.testAddData3() throws java.io.IOException]]>
              </value>
            </param>
          </params>
          <reporter-output>
          </reporter-output>
        </test-method> <!-- CreateReport -->
        <test-method is-config="true" signature="baeUri()[pri:0, instance:TestCase.TestCase1@48e4374]" started-at="2021-05-22T18:29:35 PDT" name="baeUri" finished-at="2021-05-22T18:29:35 PDT" duration-ms="1" status="PASS">
          <reporter-output>
          </reporter-output>
        </test-method> <!-- baeUri -->
        <test-method signature="testAddData3()[pri:3, instance:TestCase.TestCase1@48e4374]" started-at="2021-05-22T18:29:35 PDT" name="testAddData3" finished-at="2021-05-22T18:29:42 PDT" duration-ms="6456" status="PASS">
          <reporter-output>
          </reporter-output>
        </test-method> <!-- testAddData3 -->
        <test-method is-config="true" signature="CreateReport(java.lang.reflect.Method)[pri:0, instance:TestCase.TestCase1@48e4374]" started-at="2021-05-22T18:29:42 PDT" name="CreateReport" finished-at="2021-05-22T18:29:42 PDT" duration-ms="1" status="PASS">
          <params>
            <param index="0">
              <value>
                <![CDATA[public static void TestCase.TestCase1.testUpdateAPI4() throws java.io.IOException]]>
              </value>
            </param>
          </params>
          <reporter-output>
          </reporter-output>
        </test-method> <!-- CreateReport -->
        <test-method is-config="true" signature="baeUri()[pri:0, instance:TestCase.TestCase1@48e4374]" started-at="2021-05-22T18:29:42 PDT" name="baeUri" finished-at="2021-05-22T18:29:42 PDT" duration-ms="0" status="PASS">
          <reporter-output>
          </reporter-output>
        </test-method> <!-- baeUri -->
        <test-method signature="testUpdateAPI4()[pri:4, instance:TestCase.TestCase1@48e4374]" started-at="2021-05-22T18:29:42 PDT" name="testUpdateAPI4" finished-at="2021-05-22T18:29:50 PDT" duration-ms="8214" status="PASS">
          <reporter-output>
          </reporter-output>
        </test-method> <!-- testUpdateAPI4 -->
        <test-method is-config="true" signature="CreateReport(java.lang.reflect.Method)[pri:0, instance:TestCase.TestCase1@48e4374]" started-at="2021-05-22T18:29:50 PDT" name="CreateReport" finished-at="2021-05-22T18:29:50 PDT" duration-ms="4" status="PASS">
          <params>
            <param index="0">
              <value>
                <![CDATA[public static void TestCase.TestCase1.testDeleteAPI4() throws java.io.IOException]]>
              </value>
            </param>
          </params>
          <reporter-output>
          </reporter-output>
        </test-method> <!-- CreateReport -->
        <test-method is-config="true" signature="baeUri()[pri:0, instance:TestCase.TestCase1@48e4374]" started-at="2021-05-22T18:29:50 PDT" name="baeUri" finished-at="2021-05-22T18:29:50 PDT" duration-ms="1" status="PASS">
          <reporter-output>
          </reporter-output>
        </test-method> <!-- baeUri -->
        <test-method signature="testDeleteAPI4()[pri:5, instance:TestCase.TestCase1@48e4374]" started-at="2021-05-22T18:29:50 PDT" name="testDeleteAPI4" finished-at="2021-05-22T18:29:54 PDT" duration-ms="4446" status="PASS">
          <reporter-output>
          </reporter-output>
        </test-method> <!-- testDeleteAPI4 -->
        <test-method is-config="true" signature="CreateReport(java.lang.reflect.Method)[pri:0, instance:TestCase.TestCase1@48e4374]" started-at="2021-05-22T18:29:54 PDT" name="CreateReport" finished-at="2021-05-22T18:29:54 PDT" duration-ms="0" status="PASS">
          <params>
            <param index="0">
              <value>
                <![CDATA[public static void TestCase.TestCase1.testLogOutAPI5() throws java.io.IOException]]>
              </value>
            </param>
          </params>
          <reporter-output>
          </reporter-output>
        </test-method> <!-- CreateReport -->
        <test-method is-config="true" signature="baeUri()[pri:0, instance:TestCase.TestCase1@48e4374]" started-at="2021-05-22T18:29:54 PDT" name="baeUri" finished-at="2021-05-22T18:29:54 PDT" duration-ms="0" status="PASS">
          <reporter-output>
          </reporter-output>
        </test-method> <!-- baeUri -->
        <test-method signature="testLogOutAPI5()[pri:6, instance:TestCase.TestCase1@48e4374]" started-at="2021-05-22T18:29:54 PDT" name="testLogOutAPI5" finished-at="2021-05-22T18:30:00 PDT" duration-ms="6007" status="PASS">
          <reporter-output>
          </reporter-output>
        </test-method> <!-- testLogOutAPI5 -->
        <test-method is-config="true" signature="publishReport()[pri:0, instance:TestCase.TestCase1@48e4374]" started-at="2021-05-22T18:30:00 PDT" name="publishReport" finished-at="2021-05-22T18:30:01 PDT" duration-ms="487" status="PASS">
          <reporter-output>
          </reporter-output>
        </test-method> <!-- publishReport -->
      </class> <!-- TestCase.TestCase1 -->
    </test> <!-- Test -->
  </suite> <!-- Suite -->
</testng-results>
