<?xml version="1.0" encoding="UTF-8"?>
<!-- Generated by org.testng.reporters.JUnitXMLReporter -->
<testsuite ignored="0" hostname="Krishnaas-MacBook-Air.local" failures="0" tests="6" name="Test" time="40.491" errors="0" timestamp="2021-05-22T18:30:01 PDT">
  <testcase classname="TestCase.TestCase1" name="testLogin1" time="5.083"/>
  <testcase classname="TestCase.TestCase1" name="testLoginWithGet2" time="7.952"/>
  <testcase classname="TestCase.TestCase1" name="testAddData3" time="6.456"/>
  <testcase classname="TestCase.TestCase1" name="testUpdateAPI4" time="8.214"/>
  <testcase classname="TestCase.TestCase1" name="testDeleteAPI4" time="4.446"/>
  <testcase classname="TestCase.TestCase1" name="testLogOutAPI5" time="6.007"/>
</testsuite> <!-- Test -->
